#
# There is insufficient memory for the Java Runtime Environment to continue.
# Native memory allocation (malloc) failed to allocate 1589776 bytes for Chunk::new
# Possible reasons:
#   The system is out of physical RAM or swap space
#   The process is running with CompressedOops enabled, and the Java Heap may be blocking the growth of the native heap
# Possible solutions:
#   Reduce memory load on the system
#   Increase physical memory or swap space
#   Check if swap backing store is full
#   Decrease Java heap size (-Xmx/-Xms)
#   Decrease number of Java threads
#   Decrease Java thread stack sizes (-Xss)
#   Set larger code cache with -XX:ReservedCodeCacheSize=
#   JVM is running with Unscaled Compressed Oops mode in which the Java heap is
#     placed in the first 4GB address space. The Java Heap base address is the
#     maximum limit for the native heap growth. Please use -XX:HeapBaseMinAddress
#     to set the Java Heap base and to place the Java Heap above 4GB virtual address.
# This output file may be truncated or incomplete.
#
#  Out of Memory Error (./open/src/hotspot/share/memory/arena.cpp:197), pid=29148, tid=20976
#
# JRE version: Java(TM) SE Runtime Environment 18.9 (11.0.8+10) (build 11.0.8+10-LTS)
# Java VM: Java HotSpot(TM) 64-Bit Server VM 18.9 (11.0.8+10-LTS, mixed mode, tiered, compressed oops, g1 gc, windows-amd64)
# No core dump will be written. Minidumps are not enabled by default on client versions of Windows
#

---------------  S U M M A R Y ------------

Command Line: org.jetbrains.kotlin.cli.jvm.K2JVMCompiler @D:\Android Project\tasktodo\app\build\20230504_11915030532621517533.compiler.options

Host: Intel(R) Core(TM) i7-9700 CPU @ 3.00GHz, 8 cores, 7G,  Windows 10 , 64 bit Build 19041 (10.0.19041.2788)
Time: Thu May  4 07:12:24 2023 India Standard Time elapsed time: 7 seconds (0d 0h 0m 7s)

---------------  T H R E A D  ---------------

Current thread (0x000001d4eade0000):  JavaThread "C2 CompilerThread0" daemon [_thread_in_native, id=20976, stack(0x0000000174e00000,0x0000000174f00000)]


Current CompileTask:
C2:   7617 9558       4       jdk.internal.org.objectweb.asm.Frame::execute (2264 bytes)

Stack: [0x0000000174e00000,0x0000000174f00000]
Native frames: (J=compiled Java code, j=interpreted, Vv=VM code, C=native code)
V  [jvm.dll+0x601aea]
V  [jvm.dll+0x737fef]
V  [jvm.dll+0x739675]
V  [jvm.dll+0x739cf3]
V  [jvm.dll+0x242848]
V  [jvm.dll+0xb999c]
V  [jvm.dll+0xb9f2c]
V  [jvm.dll+0x3441a7]
V  [jvm.dll+0x312003]
V  [jvm.dll+0x31134a]
V  [jvm.dll+0x1fc2e5]
V  [jvm.dll+0x1fb49f]
V  [jvm.dll+0x17e0fc]
V  [jvm.dll+0x20aaa4]
V  [jvm.dll+0x208b7b]
V  [jvm.dll+0x6ff90c]
V  [jvm.dll+0x6f845c]
V  [jvm.dll+0x600d66]
C  [ucrtbase.dll+0x21bb2]
C  [KERNEL32.DLL+0x17604]
C  [ntdll.dll+0x526a1]


---------------  P R O C E S S  ---------------

Threads class SMR info:
_java_thread_list=0x000001d4ebfa48b0, length=10, elements={
0x000001d4cc196800, 0x000001d4eadc2800, 0x000001d4eadc5800, 0x000001d4eaddd000,
0x000001d4eadde000, 0x000001d4eade0000, 0x000001d4eade4000, 0x000001d4eade5800,
0x000001d4eb8b3000, 0x000001d4eb8c1000
}

Java Threads: ( => current thread )
  0x000001d4cc196800 JavaThread "main" [_thread_blocked, id=23320, stack(0x0000000174300000,0x0000000174400000)]
  0x000001d4eadc2800 JavaThread "Reference Handler" daemon [_thread_blocked, id=452, stack(0x0000000174a00000,0x0000000174b00000)]
  0x000001d4eadc5800 JavaThread "Finalizer" daemon [_thread_blocked, id=15644, stack(0x0000000174b00000,0x0000000174c00000)]
  0x000001d4eaddd000 JavaThread "Signal Dispatcher" daemon [_thread_blocked, id=13940, stack(0x0000000174c00000,0x0000000174d00000)]
  0x000001d4eadde000 JavaThread "Attach Listener" daemon [_thread_blocked, id=21276, stack(0x0000000174d00000,0x0000000174e00000)]
=>0x000001d4eade0000 JavaThread "C2 CompilerThread0" daemon [_thread_in_native, id=20976, stack(0x0000000174e00000,0x0000000174f00000)]
  0x000001d4eade4000 JavaThread "C1 CompilerThread0" daemon [_thread_blocked, id=27620, stack(0x0000000174f00000,0x0000000175000000)]
  0x000001d4eade5800 JavaThread "Sweeper thread" daemon [_thread_blocked, id=20340, stack(0x0000000175000000,0x0000000175100000)]
  0x000001d4eb8b3000 JavaThread "Service Thread" daemon [_thread_blocked, id=35056, stack(0x0000000175100000,0x0000000175200000)]
  0x000001d4eb8c1000 JavaThread "Common-Cleaner" daemon [_thread_blocked, id=12720, stack(0x0000000175300000,0x0000000175400000)]

Other Threads:
  0x000001d4eadc0000 VMThread "VM Thread" [stack: 0x0000000174900000,0x0000000174a00000] [id=19392]
  0x000001d4eb8c0000 WatcherThread [stack: 0x0000000175200000,0x0000000175300000] [id=13576]
  0x000001d4cc1ac800 GCTaskThread "GC Thread#0" [stack: 0x0000000174400000,0x0000000174500000] [id=10964]
  0x000001d4ec00a000 GCTaskThread "GC Thread#1" [stack: 0x0000000175500000,0x0000000175600000] [id=22544]
  0x000001d4ebfa4000 GCTaskThread "GC Thread#2" [stack: 0x0000000175600000,0x0000000175700000] [id=14140]
  0x000001d4ed5bb000 GCTaskThread "GC Thread#3" [stack: 0x0000000175400000,0x0000000175500000] [id=8596]
  0x000001d4cc1dd800 ConcurrentGCThread "G1 Main Marker" [stack: 0x0000000174500000,0x0000000174600000] [id=2836]
  0x000001d4cc1df000 ConcurrentGCThread "G1 Conc#0" [stack: 0x0000000174600000,0x0000000174700000] [id=17876]
  0x000001d4ecda5000 ConcurrentGCThread "G1 Conc#1" [stack: 0x0000000175700000,0x0000000175800000] [id=35304]
  0x000001d4eac10800 ConcurrentGCThread "G1 Refine#0" [stack: 0x0000000174700000,0x0000000174800000] [id=19584]
  0x000001d4eeba2000 ConcurrentGCThread "G1 Refine#1" [stack: 0x0000000175800000,0x0000000175900000] [id=5852]
  0x000001d4ef5ae800 ConcurrentGCThread "G1 Refine#2" [stack: 0x0000000175900000,0x0000000175a00000] [id=13700]
  0x000001d4ed7ba000 ConcurrentGCThread "G1 Refine#3" [stack: 0x0000000175a00000,0x0000000175b00000] [id=21864]
  0x000001d4eac11800 ConcurrentGCThread "G1 Young RemSet Sampling" [stack: 0x0000000174800000,0x0000000174900000] [id=30652]

Threads with active compile tasks:
C2 CompilerThread0   7641 9558       4       jdk.internal.org.objectweb.asm.Frame::execute (2264 bytes)

VM state:not at safepoint (normal execution)

VM Mutex/Monitor currently owned by a thread: None

Heap address: 0x0000000082800000, size: 2008 MB, Compressed Oops mode: 32-bit
Narrow klass base: 0x0000000000000000, Narrow klass shift: 3
Compressed class space size: 1073741824 Address: 0x0000000100000000

Heap:
 garbage-first heap   total 187392K, used 68919K [0x0000000082800000, 0x0000000100000000)
  region size 1024K, 15 young (15360K), 9 survivors (9216K)
 Metaspace       used 68364K, capacity 69117K, committed 69296K, reserved 1110016K
  class space    used 7496K, capacity 7834K, committed 7856K, reserved 1048576K
Heap Regions: E=young(eden), S=young(survivor), O=old, HS=humongous(starts), HC=humongous(continues), CS=collection set, F=free, A=archive, TAMS=top-at-mark-start (previous, next)
|   0|0x0000000082800000, 0x0000000082900000, 0x0000000082900000|100%|HS|  |TAMS 0x0000000082900000, 0x0000000082800000| Complete 
|   1|0x0000000082900000, 0x0000000082a00000, 0x0000000082a00000|100%|HC|  |TAMS 0x0000000082a00000, 0x0000000082900000| Complete 
|   2|0x0000000082a00000, 0x0000000082b00000, 0x0000000082b00000|100%|HC|  |TAMS 0x0000000082b00000, 0x0000000082a00000| Complete 
|   3|0x0000000082b00000, 0x0000000082c00000, 0x0000000082c00000|100%| O|  |TAMS 0x0000000082c00000, 0x0000000082b00000| Untracked 
|   4|0x0000000082c00000, 0x0000000082d00000, 0x0000000082d00000|100%| O|  |TAMS 0x0000000082d00000, 0x0000000082c00000| Untracked 
|   5|0x0000000082d00000, 0x0000000082e00000, 0x0000000082e00000|100%|HS|  |TAMS 0x0000000082e00000, 0x0000000082d00000| Complete 
|   6|0x0000000082e00000, 0x0000000082f00000, 0x0000000082f00000|100%|HC|  |TAMS 0x0000000082f00000, 0x0000000082e00000| Complete 
|   7|0x0000000082f00000, 0x0000000083000000, 0x0000000083000000|100%|HC|  |TAMS 0x0000000083000000, 0x0000000082f00000| Complete 
|   8|0x0000000083000000, 0x0000000083100000, 0x0000000083100000|100%|HS|  |TAMS 0x0000000083100000, 0x0000000083000000| Complete 
|   9|0x0000000083100000, 0x0000000083200000, 0x0000000083200000|100%|HC|  |TAMS 0x0000000083200000, 0x0000000083100000| Complete 
|  10|0x0000000083200000, 0x0000000083300000, 0x0000000083300000|100%| O|  |TAMS 0x0000000083300000, 0x0000000083200000| Untracked 
|  11|0x0000000083300000, 0x0000000083400000, 0x0000000083400000|100%| O|  |TAMS 0x0000000083400000, 0x0000000083300000| Untracked 
|  12|0x0000000083400000, 0x0000000083500000, 0x0000000083500000|100%| O|  |TAMS 0x0000000083500000, 0x0000000083400000| Untracked 
|  13|0x0000000083500000, 0x0000000083600000, 0x0000000083600000|100%| O|  |TAMS 0x0000000083600000, 0x0000000083500000| Untracked 
|  14|0x0000000083600000, 0x0000000083700000, 0x0000000083700000|100%| O|  |TAMS 0x0000000083700000, 0x0000000083600000| Untracked 
|  15|0x0000000083700000, 0x0000000083800000, 0x0000000083800000|100%| O|  |TAMS 0x0000000083800000, 0x0000000083700000| Untracked 
|  16|0x0000000083800000, 0x0000000083900000, 0x0000000083900000|100%| O|  |TAMS 0x0000000083900000, 0x0000000083800000| Untracked 
|  17|0x0000000083900000, 0x0000000083a00000, 0x0000000083a00000|100%| O|  |TAMS 0x0000000083a00000, 0x0000000083900000| Untracked 
|  18|0x0000000083a00000, 0x0000000083b00000, 0x0000000083b00000|100%| O|  |TAMS 0x0000000083b00000, 0x0000000083a00000| Untracked 
|  19|0x0000000083b00000, 0x0000000083c00000, 0x0000000083c00000|100%| O|  |TAMS 0x0000000083c00000, 0x0000000083b00000| Untracked 
|  20|0x0000000083c00000, 0x0000000083d00000, 0x0000000083d00000|100%| O|  |TAMS 0x0000000083d00000, 0x0000000083c00000| Untracked 
|  21|0x0000000083d00000, 0x0000000083e00000, 0x0000000083e00000|100%| O|  |TAMS 0x0000000083e00000, 0x0000000083d00000| Untracked 
|  22|0x0000000083e00000, 0x0000000083f00000, 0x0000000083f00000|100%| O|  |TAMS 0x0000000083f00000, 0x0000000083e00000| Untracked 
|  23|0x0000000083f00000, 0x0000000084000000, 0x0000000084000000|100%| O|  |TAMS 0x0000000084000000, 0x0000000083f00000| Untracked 
|  24|0x0000000084000000, 0x0000000084100000, 0x0000000084100000|100%| O|  |TAMS 0x0000000084100000, 0x0000000084000000| Untracked 
|  25|0x0000000084100000, 0x0000000084200000, 0x0000000084200000|100%| O|  |TAMS 0x0000000084200000, 0x0000000084100000| Untracked 
|  26|0x0000000084200000, 0x0000000084300000, 0x0000000084300000|100%| O|  |TAMS 0x0000000084300000, 0x0000000084200000| Untracked 
|  27|0x0000000084300000, 0x0000000084400000, 0x0000000084400000|100%| O|  |TAMS 0x0000000084400000, 0x0000000084300000| Untracked 
|  28|0x0000000084400000, 0x0000000084500000, 0x0000000084500000|100%| O|  |TAMS 0x0000000084500000, 0x0000000084400000| Untracked 
|  29|0x0000000084500000, 0x0000000084600000, 0x0000000084600000|100%| O|  |TAMS 0x0000000084600000, 0x0000000084500000| Untracked 
|  30|0x0000000084600000, 0x0000000084700000, 0x0000000084700000|100%| O|  |TAMS 0x0000000084700000, 0x0000000084600000| Untracked 
|  31|0x0000000084700000, 0x0000000084800000, 0x0000000084800000|100%| O|  |TAMS 0x0000000084800000, 0x0000000084700000| Untracked 
|  32|0x0000000084800000, 0x0000000084900000, 0x0000000084900000|100%| O|  |TAMS 0x0000000084900000, 0x0000000084800000| Untracked 
|  33|0x0000000084900000, 0x0000000084a00000, 0x0000000084a00000|100%| O|  |TAMS 0x0000000084a00000, 0x0000000084900000| Untracked 
|  34|0x0000000084a00000, 0x0000000084b00000, 0x0000000084b00000|100%| O|  |TAMS 0x0000000084b00000, 0x0000000084a00000| Untracked 
|  35|0x0000000084b00000, 0x0000000084c00000, 0x0000000084c00000|100%| O|  |TAMS 0x0000000084c00000, 0x0000000084b00000| Untracked 
|  36|0x0000000084c00000, 0x0000000084d00000, 0x0000000084d00000|100%| O|  |TAMS 0x0000000084d00000, 0x0000000084c00000| Untracked 
|  37|0x0000000084d00000, 0x0000000084e00000, 0x0000000084e00000|100%| O|  |TAMS 0x0000000084e00000, 0x0000000084d00000| Untracked 
|  38|0x0000000084e00000, 0x0000000084f00000, 0x0000000084f00000|100%| O|  |TAMS 0x0000000084f00000, 0x0000000084e00000| Untracked 
|  39|0x0000000084f00000, 0x0000000085000000, 0x0000000085000000|100%| O|  |TAMS 0x0000000085000000, 0x0000000084f00000| Untracked 
|  40|0x0000000085000000, 0x0000000085100000, 0x0000000085100000|100%| O|  |TAMS 0x0000000085100000, 0x0000000085000000| Untracked 
|  41|0x0000000085100000, 0x0000000085200000, 0x0000000085200000|100%| O|  |TAMS 0x0000000085200000, 0x0000000085100000| Untracked 
|  42|0x0000000085200000, 0x0000000085300000, 0x0000000085300000|100%| O|  |TAMS 0x0000000085300000, 0x0000000085200000| Untracked 
|  43|0x0000000085300000, 0x0000000085400000, 0x0000000085400000|100%| O|  |TAMS 0x0000000085400000, 0x0000000085300000| Untracked 
|  44|0x0000000085400000, 0x0000000085500000, 0x0000000085500000|100%| O|  |TAMS 0x0000000085500000, 0x0000000085400000| Untracked 
|  45|0x0000000085500000, 0x0000000085600000, 0x0000000085600000|100%| O|  |TAMS 0x0000000085600000, 0x0000000085500000| Untracked 
|  46|0x0000000085600000, 0x0000000085700000, 0x0000000085700000|100%| O|  |TAMS 0x0000000085700000, 0x0000000085600000| Untracked 
|  47|0x0000000085700000, 0x0000000085800000, 0x0000000085800000|100%| O|  |TAMS 0x0000000085800000, 0x0000000085700000| Untracked 
|  48|0x0000000085800000, 0x0000000085900000, 0x0000000085900000|100%| O|  |TAMS 0x0000000085900000, 0x0000000085800000| Untracked 
|  49|0x0000000085900000, 0x0000000085a00000, 0x0000000085a00000|100%| O|  |TAMS 0x0000000085a00000, 0x0000000085900000| Untracked 
|  50|0x0000000085a00000, 0x0000000085b00000, 0x0000000085b00000|100%| O|  |TAMS 0x0000000085b00000, 0x0000000085a00000| Untracked 
|  51|0x0000000085b00000, 0x0000000085c00000, 0x0000000085c00000|100%| O|  |TAMS 0x0000000085c00000, 0x0000000085b00000| Untracked 
|  52|0x0000000085c00000, 0x0000000085d00000, 0x0000000085d00000|100%| O|  |TAMS 0x0000000085d00000, 0x0000000085c00000| Untracked 
|  53|0x0000000085d00000, 0x0000000085d4de00, 0x0000000085e00000| 30%| O|  |TAMS 0x0000000085d00000, 0x0000000085d00000| Untracked 
|  54|0x0000000085e00000, 0x0000000085e00000, 0x0000000085f00000|  0%| F|  |TAMS 0x0000000085e00000, 0x0000000085e00000| Untracked 
|  55|0x0000000085f00000, 0x0000000085f00000, 0x0000000086000000|  0%| F|  |TAMS 0x0000000085f00000, 0x0000000085f00000| Untracked 
|  56|0x0000000086000000, 0x0000000086000000, 0x0000000086100000|  0%| F|  |TAMS 0x0000000086000000, 0x0000000086000000| Untracked 
|  57|0x0000000086100000, 0x0000000086100000, 0x0000000086200000|  0%| F|  |TAMS 0x0000000086100000, 0x0000000086100000| Untracked 
|  58|0x0000000086200000, 0x0000000086200000, 0x0000000086300000|  0%| F|  |TAMS 0x0000000086200000, 0x0000000086200000| Untracked 
|  59|0x0000000086300000, 0x0000000086300000, 0x0000000086400000|  0%| F|  |TAMS 0x0000000086300000, 0x0000000086300000| Untracked 
|  60|0x0000000086400000, 0x0000000086400000, 0x0000000086500000|  0%| F|  |TAMS 0x0000000086400000, 0x0000000086400000| Untracked 
|  61|0x0000000086500000, 0x0000000086500000, 0x0000000086600000|  0%| F|  |TAMS 0x0000000086500000, 0x0000000086500000| Untracked 
|  62|0x0000000086600000, 0x0000000086600000, 0x0000000086700000|  0%| F|  |TAMS 0x0000000086600000, 0x0000000086600000| Untracked 
|  63|0x0000000086700000, 0x0000000086700000, 0x0000000086800000|  0%| F|  |TAMS 0x0000000086700000, 0x0000000086700000| Untracked 
|  64|0x0000000086800000, 0x0000000086800000, 0x0000000086900000|  0%| F|  |TAMS 0x0000000086800000, 0x0000000086800000| Untracked 
|  65|0x0000000086900000, 0x0000000086900000, 0x0000000086a00000|  0%| F|  |TAMS 0x0000000086900000, 0x0000000086900000| Untracked 
|  66|0x0000000086a00000, 0x0000000086a00000, 0x0000000086b00000|  0%| F|  |TAMS 0x0000000086a00000, 0x0000000086a00000| Untracked 
|  67|0x0000000086b00000, 0x0000000086b00000, 0x0000000086c00000|  0%| F|  |TAMS 0x0000000086b00000, 0x0000000086b00000| Untracked 
|  68|0x0000000086c00000, 0x0000000086c00000, 0x0000000086d00000|  0%| F|  |TAMS 0x0000000086c00000, 0x0000000086c00000| Untracked 
|  69|0x0000000086d00000, 0x0000000086d00000, 0x0000000086e00000|  0%| F|  |TAMS 0x0000000086d00000, 0x0000000086d00000| Untracked 
|  70|0x0000000086e00000, 0x0000000086e00000, 0x0000000086f00000|  0%| F|  |TAMS 0x0000000086e00000, 0x0000000086e00000| Untracked 
|  71|0x0000000086f00000, 0x0000000086f00000, 0x0000000087000000|  0%| F|  |TAMS 0x0000000086f00000, 0x0000000086f00000| Untracked 
|  72|0x0000000087000000, 0x0000000087000000, 0x0000000087100000|  0%| F|  |TAMS 0x0000000087000000, 0x0000000087000000| Untracked 
|  73|0x0000000087100000, 0x0000000087100000, 0x0000000087200000|  0%| F|  |TAMS 0x0000000087100000, 0x0000000087100000| Untracked 
|  74|0x0000000087200000, 0x0000000087200000, 0x0000000087300000|  0%| F|  |TAMS 0x0000000087200000, 0x0000000087200000| Untracked 
|  75|0x0000000087300000, 0x0000000087300000, 0x0000000087400000|  0%| F|  |TAMS 0x0000000087300000, 0x0000000087300000| Untracked 
|  76|0x0000000087400000, 0x0000000087400000, 0x0000000087500000|  0%| F|  |TAMS 0x0000000087400000, 0x0000000087400000| Untracked 
|  77|0x0000000087500000, 0x0000000087500000, 0x0000000087600000|  0%| F|  |TAMS 0x0000000087500000, 0x0000000087500000| Untracked 
|  78|0x0000000087600000, 0x0000000087600000, 0x0000000087700000|  0%| F|  |TAMS 0x0000000087600000, 0x0000000087600000| Untracked 
|  79|0x0000000087700000, 0x0000000087700000, 0x0000000087800000|  0%| F|  |TAMS 0x0000000087700000, 0x0000000087700000| Untracked 
|  80|0x0000000087800000, 0x0000000087800000, 0x0000000087900000|  0%| F|  |TAMS 0x0000000087800000, 0x0000000087800000| Untracked 
|  81|0x0000000087900000, 0x0000000087900000, 0x0000000087a00000|  0%| F|  |TAMS 0x0000000087900000, 0x0000000087900000| Untracked 
|  82|0x0000000087a00000, 0x0000000087a00000, 0x0000000087b00000|  0%| F|  |TAMS 0x0000000087a00000, 0x0000000087a00000| Untracked 
|  83|0x0000000087b00000, 0x0000000087b00000, 0x0000000087c00000|  0%| F|  |TAMS 0x0000000087b00000, 0x0000000087b00000| Untracked 
|  84|0x0000000087c00000, 0x0000000087c00000, 0x0000000087d00000|  0%| F|  |TAMS 0x0000000087c00000, 0x0000000087c00000| Untracked 
|  85|0x0000000087d00000, 0x0000000087d00000, 0x0000000087e00000|  0%| F|  |TAMS 0x0000000087d00000, 0x0000000087d00000| Untracked 
|  86|0x0000000087e00000, 0x0000000087e00000, 0x0000000087f00000|  0%| F|  |TAMS 0x0000000087e00000, 0x0000000087e00000| Untracked 
|  87|0x0000000087f00000, 0x0000000087f00000, 0x0000000088000000|  0%| F|  |TAMS 0x0000000087f00000, 0x0000000087f00000| Untracked 
|  88|0x0000000088000000, 0x0000000088000000, 0x0000000088100000|  0%| F|  |TAMS 0x0000000088000000, 0x0000000088000000| Untracked 
|  89|0x0000000088100000, 0x0000000088100000, 0x0000000088200000|  0%| F|  |TAMS 0x0000000088100000, 0x0000000088100000| Untracked 
|  90|0x0000000088200000, 0x0000000088200000, 0x0000000088300000|  0%| F|  |TAMS 0x0000000088200000, 0x0000000088200000| Untracked 
|  91|0x0000000088300000, 0x0000000088300000, 0x0000000088400000|  0%| F|  |TAMS 0x0000000088300000, 0x0000000088300000| Untracked 
|  92|0x0000000088400000, 0x0000000088400000, 0x0000000088500000|  0%| F|  |TAMS 0x0000000088400000, 0x0000000088400000| Untracked 
|  93|0x0000000088500000, 0x0000000088500000, 0x0000000088600000|  0%| F|  |TAMS 0x0000000088500000, 0x0000000088500000| Untracked 
|  94|0x0000000088600000, 0x0000000088600000, 0x0000000088700000|  0%| F|  |TAMS 0x0000000088600000, 0x0000000088600000| Untracked 
|  95|0x0000000088700000, 0x0000000088700000, 0x0000000088800000|  0%| F|  |TAMS 0x0000000088700000, 0x0000000088700000| Untracked 
|  96|0x0000000088800000, 0x0000000088800000, 0x0000000088900000|  0%| F|  |TAMS 0x0000000088800000, 0x0000000088800000| Untracked 
|  97|0x0000000088900000, 0x0000000088900000, 0x0000000088a00000|  0%| F|  |TAMS 0x0000000088900000, 0x0000000088900000| Untracked 
|  98|0x0000000088a00000, 0x0000000088a00000, 0x0000000088b00000|  0%| F|  |TAMS 0x0000000088a00000, 0x0000000088a00000| Untracked 
|  99|0x0000000088b00000, 0x0000000088b00000, 0x0000000088c00000|  0%| F|  |TAMS 0x0000000088b00000, 0x0000000088b00000| Untracked 
| 100|0x0000000088c00000, 0x0000000088c00000, 0x0000000088d00000|  0%| F|  |TAMS 0x0000000088c00000, 0x0000000088c00000| Untracked 
| 101|0x0000000088d00000, 0x0000000088d00000, 0x0000000088e00000|  0%| F|  |TAMS 0x0000000088d00000, 0x0000000088d00000| Untracked 
| 102|0x0000000088e00000, 0x0000000088e00000, 0x0000000088f00000|  0%| F|  |TAMS 0x0000000088e00000, 0x0000000088e00000| Untracked 
| 103|0x0000000088f00000, 0x0000000088f00000, 0x0000000089000000|  0%| F|  |TAMS 0x0000000088f00000, 0x0000000088f00000| Untracked 
| 104|0x0000000089000000, 0x0000000089000000, 0x0000000089100000|  0%| F|  |TAMS 0x0000000089000000, 0x0000000089000000| Untracked 
| 105|0x0000000089100000, 0x0000000089100000, 0x0000000089200000|  0%| F|  |TAMS 0x0000000089100000, 0x0000000089100000| Untracked 
| 106|0x0000000089200000, 0x0000000089200000, 0x0000000089300000|  0%| F|  |TAMS 0x0000000089200000, 0x0000000089200000| Untracked 
| 107|0x0000000089300000, 0x0000000089400000, 0x0000000089400000|100%| S|CS|TAMS 0x0000000089300000, 0x0000000089300000| Complete 
| 108|0x0000000089400000, 0x0000000089500000, 0x0000000089500000|100%| S|CS|TAMS 0x0000000089400000, 0x0000000089400000| Complete 
| 109|0x0000000089500000, 0x0000000089600000, 0x0000000089600000|100%| S|CS|TAMS 0x0000000089500000, 0x0000000089500000| Complete 
| 110|0x0000000089600000, 0x0000000089700000, 0x0000000089700000|100%| S|CS|TAMS 0x0000000089600000, 0x0000000089600000| Complete 
| 111|0x0000000089700000, 0x0000000089800000, 0x0000000089800000|100%| S|CS|TAMS 0x0000000089700000, 0x0000000089700000| Complete 
| 112|0x0000000089800000, 0x0000000089900000, 0x0000000089900000|100%| S|CS|TAMS 0x0000000089800000, 0x0000000089800000| Complete 
| 113|0x0000000089900000, 0x0000000089a00000, 0x0000000089a00000|100%| S|CS|TAMS 0x0000000089900000, 0x0000000089900000| Complete 
| 114|0x0000000089a00000, 0x0000000089b00000, 0x0000000089b00000|100%| S|CS|TAMS 0x0000000089a00000, 0x0000000089a00000| Complete 
| 115|0x0000000089b00000, 0x0000000089c00000, 0x0000000089c00000|100%| S|CS|TAMS 0x0000000089b00000, 0x0000000089b00000| Complete 
| 116|0x0000000089c00000, 0x0000000089c00000, 0x0000000089d00000|  0%| F|  |TAMS 0x0000000089c00000, 0x0000000089c00000| Untracked 
| 117|0x0000000089d00000, 0x0000000089d00000, 0x0000000089e00000|  0%| F|  |TAMS 0x0000000089d00000, 0x0000000089d00000| Untracked 
| 118|0x0000000089e00000, 0x0000000089e00000, 0x0000000089f00000|  0%| F|  |TAMS 0x0000000089e00000, 0x0000000089e00000| Untracked 
| 119|0x0000000089f00000, 0x0000000089f00000, 0x000000008a000000|  0%| F|  |TAMS 0x0000000089f00000, 0x0000000089f00000| Untracked 
| 120|0x000000008a000000, 0x000000008a000000, 0x000000008a100000|  0%| F|  |TAMS 0x000000008a000000, 0x000000008a000000| Untracked 
| 121|0x000000008a100000, 0x000000008a100000, 0x000000008a200000|  0%| F|  |TAMS 0x000000008a100000, 0x000000008a100000| Untracked 
| 122|0x000000008a200000, 0x000000008a200000, 0x000000008a300000|  0%| F|  |TAMS 0x000000008a200000, 0x000000008a200000| Untracked 
| 123|0x000000008a300000, 0x000000008a300000, 0x000000008a400000|  0%| F|  |TAMS 0x000000008a300000, 0x000000008a300000| Untracked 
| 124|0x000000008a400000, 0x000000008a400000, 0x000000008a500000|  0%| F|  |TAMS 0x000000008a400000, 0x000000008a400000| Untracked 
| 125|0x000000008a500000, 0x000000008a500000, 0x000000008a600000|  0%| F|  |TAMS 0x000000008a500000, 0x000000008a500000| Untracked 
| 126|0x000000008a600000, 0x000000008a600000, 0x000000008a700000|  0%| F|  |TAMS 0x000000008a600000, 0x000000008a600000| Untracked 
| 127|0x000000008a700000, 0x000000008a700000, 0x000000008a800000|  0%| F|  |TAMS 0x000000008a700000, 0x000000008a700000| Untracked 
| 128|0x000000008a800000, 0x000000008a800000, 0x000000008a900000|  0%| F|  |TAMS 0x000000008a800000, 0x000000008a800000| Untracked 
| 129|0x000000008a900000, 0x000000008a900000, 0x000000008aa00000|  0%| F|  |TAMS 0x000000008a900000, 0x000000008a900000| Untracked 
| 130|0x000000008aa00000, 0x000000008aa00000, 0x000000008ab00000|  0%| F|  |TAMS 0x000000008aa00000, 0x000000008aa00000| Untracked 
| 131|0x000000008ab00000, 0x000000008ab00000, 0x000000008ac00000|  0%| F|  |TAMS 0x000000008ab00000, 0x000000008ab00000| Untracked 
| 132|0x000000008ac00000, 0x000000008ac00000, 0x000000008ad00000|  0%| F|  |TAMS 0x000000008ac00000, 0x000000008ac00000| Untracked 
| 133|0x000000008ad00000, 0x000000008ad00000, 0x000000008ae00000|  0%| F|  |TAMS 0x000000008ad00000, 0x000000008ad00000| Untracked 
| 134|0x000000008ae00000, 0x000000008ae00000, 0x000000008af00000|  0%| F|  |TAMS 0x000000008ae00000, 0x000000008ae00000| Untracked 
| 135|0x000000008af00000, 0x000000008af00000, 0x000000008b000000|  0%| F|  |TAMS 0x000000008af00000, 0x000000008af00000| Untracked 
| 136|0x000000008b000000, 0x000000008b000000, 0x000000008b100000|  0%| F|  |TAMS 0x000000008b000000, 0x000000008b000000| Untracked 
| 137|0x000000008b100000, 0x000000008b100000, 0x000000008b200000|  0%| F|  |TAMS 0x000000008b100000, 0x000000008b100000| Untracked 
| 138|0x000000008b200000, 0x000000008b200000, 0x000000008b300000|  0%| F|  |TAMS 0x000000008b200000, 0x000000008b200000| Untracked 
| 139|0x000000008b300000, 0x000000008b300000, 0x000000008b400000|  0%| F|  |TAMS 0x000000008b300000, 0x000000008b300000| Untracked 
| 140|0x000000008b400000, 0x000000008b400000, 0x000000008b500000|  0%| F|  |TAMS 0x000000008b400000, 0x000000008b400000| Untracked 
| 141|0x000000008b500000, 0x000000008b500000, 0x000000008b600000|  0%| F|  |TAMS 0x000000008b500000, 0x000000008b500000| Untracked 
| 142|0x000000008b600000, 0x000000008b600000, 0x000000008b700000|  0%| F|  |TAMS 0x000000008b600000, 0x000000008b600000| Untracked 
| 143|0x000000008b700000, 0x000000008b700000, 0x000000008b800000|  0%| F|  |TAMS 0x000000008b700000, 0x000000008b700000| Untracked 
| 144|0x000000008b800000, 0x000000008b800000, 0x000000008b900000|  0%| F|  |TAMS 0x000000008b800000, 0x000000008b800000| Untracked 
| 145|0x000000008b900000, 0x000000008b900000, 0x000000008ba00000|  0%| F|  |TAMS 0x000000008b900000, 0x000000008b900000| Untracked 
| 146|0x000000008ba00000, 0x000000008ba00000, 0x000000008bb00000|  0%| F|  |TAMS 0x000000008ba00000, 0x000000008ba00000| Untracked 
| 147|0x000000008bb00000, 0x000000008bb00000, 0x000000008bc00000|  0%| F|  |TAMS 0x000000008bb00000, 0x000000008bb00000| Untracked 
| 148|0x000000008bc00000, 0x000000008bc00000, 0x000000008bd00000|  0%| F|  |TAMS 0x000000008bc00000, 0x000000008bc00000| Untracked 
| 149|0x000000008bd00000, 0x000000008bd00000, 0x000000008be00000|  0%| F|  |TAMS 0x000000008bd00000, 0x000000008bd00000| Untracked 
| 150|0x000000008be00000, 0x000000008be00000, 0x000000008bf00000|  0%| F|  |TAMS 0x000000008be00000, 0x000000008be00000| Untracked 
| 151|0x000000008bf00000, 0x000000008bf00000, 0x000000008c000000|  0%| F|  |TAMS 0x000000008bf00000, 0x000000008bf00000| Untracked 
| 152|0x000000008c000000, 0x000000008c000000, 0x000000008c100000|  0%| F|  |TAMS 0x000000008c000000, 0x000000008c000000| Untracked 
| 153|0x000000008c100000, 0x000000008c100000, 0x000000008c200000|  0%| F|  |TAMS 0x000000008c100000, 0x000000008c100000| Untracked 
| 154|0x000000008c200000, 0x000000008c200000, 0x000000008c300000|  0%| F|  |TAMS 0x000000008c200000, 0x000000008c200000| Untracked 
| 155|0x000000008c300000, 0x000000008c300000, 0x000000008c400000|  0%| F|  |TAMS 0x000000008c300000, 0x000000008c300000| Untracked 
| 156|0x000000008c400000, 0x000000008c400000, 0x000000008c500000|  0%| F|  |TAMS 0x000000008c400000, 0x000000008c400000| Untracked 
| 157|0x000000008c500000, 0x000000008c500000, 0x000000008c600000|  0%| F|  |TAMS 0x000000008c500000, 0x000000008c500000| Untracked 
| 158|0x000000008c600000, 0x000000008c600000, 0x000000008c700000|  0%| F|  |TAMS 0x000000008c600000, 0x000000008c600000| Untracked 
| 159|0x000000008c700000, 0x000000008c700000, 0x000000008c800000|  0%| F|  |TAMS 0x000000008c700000, 0x000000008c700000| Untracked 
| 160|0x000000008c800000, 0x000000008c800000, 0x000000008c900000|  0%| F|  |TAMS 0x000000008c800000, 0x000000008c800000| Untracked 
| 161|0x000000008c900000, 0x000000008c900000, 0x000000008ca00000|  0%| F|  |TAMS 0x000000008c900000, 0x000000008c900000| Untracked 
| 162|0x000000008ca00000, 0x000000008ca00000, 0x000000008cb00000|  0%| F|  |TAMS 0x000000008ca00000, 0x000000008ca00000| Untracked 
| 163|0x000000008cb00000, 0x000000008cb00000, 0x000000008cc00000|  0%| F|  |TAMS 0x000000008cb00000, 0x000000008cb00000| Untracked 
| 164|0x000000008cc00000, 0x000000008cc00000, 0x000000008cd00000|  0%| F|  |TAMS 0x000000008cc00000, 0x000000008cc00000| Untracked 
| 165|0x000000008cd00000, 0x000000008cd00000, 0x000000008ce00000|  0%| F|  |TAMS 0x000000008cd00000, 0x000000008cd00000| Untracked 
| 166|0x000000008ce00000, 0x000000008ce00000, 0x000000008cf00000|  0%| F|  |TAMS 0x000000008ce00000, 0x000000008ce00000| Untracked 
| 167|0x000000008cf00000, 0x000000008cf00000, 0x000000008d000000|  0%| F|  |TAMS 0x000000008cf00000, 0x000000008cf00000| Untracked 
| 168|0x000000008d000000, 0x000000008d000000, 0x000000008d100000|  0%| F|  |TAMS 0x000000008d000000, 0x000000008d000000| Untracked 
| 169|0x000000008d100000, 0x000000008d100000, 0x000000008d200000|  0%| F|  |TAMS 0x000000008d100000, 0x000000008d100000| Untracked 
| 170|0x000000008d200000, 0x000000008d200000, 0x000000008d300000|  0%| F|  |TAMS 0x000000008d200000, 0x000000008d200000| Untracked 
| 171|0x000000008d300000, 0x000000008d300000, 0x000000008d400000|  0%| F|  |TAMS 0x000000008d300000, 0x000000008d300000| Untracked 
| 172|0x000000008d400000, 0x000000008d400000, 0x000000008d500000|  0%| F|  |TAMS 0x000000008d400000, 0x000000008d400000| Untracked 
| 173|0x000000008d500000, 0x000000008d500000, 0x000000008d600000|  0%| F|  |TAMS 0x000000008d500000, 0x000000008d500000| Untracked 
| 174|0x000000008d600000, 0x000000008d600000, 0x000000008d700000|  0%| F|  |TAMS 0x000000008d600000, 0x000000008d600000| Untracked 
| 175|0x000000008d700000, 0x000000008d700000, 0x000000008d800000|  0%| F|  |TAMS 0x000000008d700000, 0x000000008d700000| Untracked 
| 176|0x000000008d800000, 0x000000008d800000, 0x000000008d900000|  0%| F|  |TAMS 0x000000008d800000, 0x000000008d800000| Untracked 
| 177|0x000000008d900000, 0x000000008d984530, 0x000000008da00000| 51%| E|  |TAMS 0x000000008d900000, 0x000000008d900000| Complete 
| 178|0x000000008da00000, 0x000000008db00000, 0x000000008db00000|100%| E|CS|TAMS 0x000000008da00000, 0x000000008da00000| Complete 
| 179|0x000000008db00000, 0x000000008dc00000, 0x000000008dc00000|100%| E|CS|TAMS 0x000000008db00000, 0x000000008db00000| Complete 
| 180|0x000000008dc00000, 0x000000008dd00000, 0x000000008dd00000|100%| E|CS|TAMS 0x000000008dc00000, 0x000000008dc00000| Complete 
| 181|0x000000008dd00000, 0x000000008de00000, 0x000000008de00000|100%| E|CS|TAMS 0x000000008dd00000, 0x000000008dd00000| Complete 
| 182|0x000000008de00000, 0x000000008df00000, 0x000000008df00000|100%| E|CS|TAMS 0x000000008de00000, 0x000000008de00000| Complete 

Card table byte_map: [0x000001d4e3ce0000,0x000001d4e40d0000] _byte_map_base: 0x000001d4e38cc000

Marking Bits (Prev, Next): (CMBitMap*) 0x000001d4cc1d4ee0, (CMBitMap*) 0x000001d4cc1d4ea8
 Prev Bits: [0x000001d4e6420000, 0x000001d4e8380000)
 Next Bits: [0x000001d4e44c0000, 0x000001d4e6420000)

Polling page: 0x000001d4ca070000

Metaspace:

Usage:
  Non-class:     59.85 MB capacity,    59.45 MB (>99%) used,   291.21 KB ( <1%) free+waste,   116.06 KB ( <1%) overhead. 
      Class:      7.65 MB capacity,     7.32 MB ( 96%) used,   287.02 KB (  4%) free+waste,    50.06 KB ( <1%) overhead. 
       Both:     67.50 MB capacity,    66.77 MB ( 99%) used,   578.23 KB ( <1%) free+waste,   166.13 KB ( <1%) overhead. 

Virtual space:
  Non-class space:       60.00 MB reserved,      60.00 MB (100%) committed 
      Class space:        1.00 GB reserved,       7.67 MB ( <1%) committed 
             Both:        1.06 GB reserved,      67.67 MB (  6%) committed 

Chunk freelists:
   Non-Class:  3.63 KB
       Class:  768 bytes
        Both:  4.38 KB

CodeHeap 'non-profiled nmethods': size=120000Kb used=3159Kb max_used=3159Kb free=116840Kb
 bounds [0x000001d4dc080000, 0x000001d4dc3a0000, 0x000001d4e35b0000]
CodeHeap 'profiled nmethods': size=120000Kb used=22813Kb max_used=22813Kb free=97186Kb
 bounds [0x000001d4d4b50000, 0x000001d4d61b0000, 0x000001d4dc080000]
CodeHeap 'non-nmethods': size=5760Kb used=1304Kb max_used=1352Kb free=4455Kb
 bounds [0x000001d4d45b0000, 0x000001d4d4820000, 0x000001d4d4b50000]
 total_blobs=9551 nmethods=8862 adapters=597
 compilation: enabled
              stopped_count=0, restarted_count=0
 full_count=0

Compilation events (10 events):
Event: 7.611 Thread 0x000001d4eade4000 9779       2       org.jetbrains.kotlin.ir.visitors.IrElementTransformerVoid::visitReturn (16 bytes)
Event: 7.612 Thread 0x000001d4eade4000 nmethod 9779 0x000001d4d6187090 code [0x000001d4d6187320, 0x000001d4d61879a0]
Event: 7.612 Thread 0x000001d4eade4000 9780       2       org.jetbrains.kotlin.ir.visitors.IrElementTransformerVoid::visitConst (16 bytes)
Event: 7.612 Thread 0x000001d4eade4000 nmethod 9780 0x000001d4d6187e10 code [0x000001d4d6188040, 0x000001d4d61884e0]
Event: 7.612 Thread 0x000001d4eade4000 9782       2       androidx.compose.compiler.plugins.kotlin.lower.DurableKeyTransformer$visitCall$1$1::invoke (28 bytes)
Event: 7.612 Thread 0x000001d4eade4000 nmethod 9782 0x000001d4d6188810 code [0x000001d4d6188a40, 0x000001d4d6188f60]
Event: 7.612 Thread 0x000001d4eade4000 9783       2       androidx.compose.compiler.plugins.kotlin.lower.DurableKeyTransformer$visitCall$1$2::invoke (5 bytes)
Event: 7.613 Thread 0x000001d4eade4000 nmethod 9783 0x000001d4d6189290 code [0x000001d4d61894c0, 0x000001d4d61899e0]
Event: 7.613 Thread 0x000001d4eade4000 9784       2       androidx.compose.compiler.plugins.kotlin.lower.DurableKeyTransformer$visitCall$1$2::invoke (28 bytes)
Event: 7.613 Thread 0x000001d4eade4000 nmethod 9784 0x000001d4d6189d10 code [0x000001d4d6189f40, 0x000001d4d618a460]

GC Heap History (10 events):
Event: 4.446 GC heap before
{Heap before GC invocations=8 (full 0):
 garbage-first heap   total 155648K, used 91483K [0x0000000082800000, 0x0000000100000000)
  region size 1024K, 62 young (63488K), 7 survivors (7168K)
 Metaspace       used 51883K, capacity 52500K, committed 52784K, reserved 1095680K
  class space    used 6067K, capacity 6332K, committed 6448K, reserved 1048576K
}
Event: 4.457 GC heap after
{Heap after GC invocations=9 (full 0):
 garbage-first heap   total 155648K, used 40237K [0x0000000082800000, 0x0000000100000000)
  region size 1024K, 7 young (7168K), 7 survivors (7168K)
 Metaspace       used 51883K, capacity 52500K, committed 52784K, reserved 1095680K
  class space    used 6067K, capacity 6332K, committed 6448K, reserved 1048576K
}
Event: 5.214 GC heap before
{Heap before GC invocations=9 (full 0):
 garbage-first heap   total 155648K, used 96557K [0x0000000082800000, 0x0000000100000000)
  region size 1024K, 62 young (63488K), 7 survivors (7168K)
 Metaspace       used 54616K, capacity 55236K, committed 55472K, reserved 1097728K
  class space    used 6237K, capacity 6514K, committed 6576K, reserved 1048576K
}
Event: 5.226 GC heap after
{Heap after GC invocations=10 (full 0):
 garbage-first heap   total 155648K, used 47036K [0x0000000082800000, 0x0000000100000000)
  region size 1024K, 7 young (7168K), 7 survivors (7168K)
 Metaspace       used 54616K, capacity 55236K, committed 55472K, reserved 1097728K
  class space    used 6237K, capacity 6514K, committed 6576K, reserved 1048576K
}
Event: 5.925 GC heap before
{Heap before GC invocations=10 (full 0):
 garbage-first heap   total 155648K, used 103356K [0x0000000082800000, 0x0000000100000000)
  region size 1024K, 62 young (63488K), 7 survivors (7168K)
 Metaspace       used 58651K, capacity 59323K, committed 59440K, reserved 1101824K
  class space    used 6611K, capacity 6889K, committed 6960K, reserved 1048576K
}
Event: 5.938 GC heap after
{Heap after GC invocations=11 (full 0):
 garbage-first heap   total 187392K, used 54144K [0x0000000082800000, 0x0000000100000000)
  region size 1024K, 7 young (7168K), 7 survivors (7168K)
 Metaspace       used 58651K, capacity 59323K, committed 59440K, reserved 1101824K
  class space    used 6611K, capacity 6889K, committed 6960K, reserved 1048576K
}
Event: 6.375 GC heap before
{Heap before GC invocations=11 (full 0):
 garbage-first heap   total 187392K, used 73600K [0x0000000082800000, 0x0000000100000000)
  region size 1024K, 27 young (27648K), 7 survivors (7168K)
 Metaspace       used 59502K, capacity 60116K, committed 60208K, reserved 1101824K
  class space    used 6620K, capacity 6892K, committed 6960K, reserved 1048576K
}
Event: 6.381 GC heap after
{Heap after GC invocations=12 (full 0):
 garbage-first heap   total 187392K, used 56320K [0x0000000082800000, 0x0000000100000000)
  region size 1024K, 2 young (2048K), 2 survivors (2048K)
 Metaspace       used 59502K, capacity 60116K, committed 60208K, reserved 1101824K
  class space    used 6620K, capacity 6892K, committed 6960K, reserved 1048576K
}
Event: 7.591 GC heap before
{Heap before GC invocations=13 (full 0):
 garbage-first heap   total 187392K, used 122880K [0x0000000082800000, 0x0000000100000000)
  region size 1024K, 67 young (68608K), 2 survivors (2048K)
 Metaspace       used 68038K, capacity 68861K, committed 69040K, reserved 1110016K
  class space    used 7470K, capacity 7834K, committed 7856K, reserved 1048576K
}
Event: 7.602 GC heap after
{Heap after GC invocations=14 (full 0):
 garbage-first heap   total 187392K, used 63799K [0x0000000082800000, 0x0000000100000000)
  region size 1024K, 9 young (9216K), 9 survivors (9216K)
 Metaspace       used 68038K, capacity 68861K, committed 69040K, reserved 1110016K
  class space    used 7470K, capacity 7834K, committed 7856K, reserved 1048576K
}

Deoptimization events (10 events):
Event: 6.663 Thread 0x000001d4cc196800 Uncommon trap: reason=unstable_if action=reinterpret pc=0x000001d4dc0a25a4 method=java.lang.String.equals(Ljava/lang/Object;)Z @ 27 c2
Event: 6.750 Thread 0x000001d4cc196800 Uncommon trap: reason=bimorphic_or_optimized_type_check action=maybe_recompile pc=0x000001d4dc26b2b8 method=org.jetbrains.kotlin.storage.LockBasedStorageManager$LockBasedLazyValue.invoke()Ljava/lang/Object; @ 24 c2
Event: 6.750 Thread 0x000001d4cc196800 Uncommon trap: reason=bimorphic_or_optimized_type_check action=maybe_recompile pc=0x000001d4dc26b2b8 method=org.jetbrains.kotlin.storage.LockBasedStorageManager$LockBasedLazyValue.invoke()Ljava/lang/Object; @ 24 c2
Event: 6.854 Thread 0x000001d4cc196800 Uncommon trap: reason=intrinsic_or_type_checked_inlining action=make_not_entrant pc=0x000001d4dc238d9c method=java.util.ArrayList.toArray([Ljava/lang/Object;)[Ljava/lang/Object; @ 36 c2
Event: 6.937 Thread 0x000001d4cc196800 Uncommon trap: reason=profile_predicate action=maybe_recompile pc=0x000001d4dc18134c method=kotlin.collections.CollectionsKt__MutableCollectionsKt.addAll(Ljava/util/Collection;Ljava/lang/Iterable;)Z @ 45 c2
Event: 6.937 Thread 0x000001d4cc196800 Uncommon trap: reason=profile_predicate action=maybe_recompile pc=0x000001d4dc18134c method=kotlin.collections.CollectionsKt__MutableCollectionsKt.addAll(Ljava/util/Collection;Ljava/lang/Iterable;)Z @ 45 c2
Event: 6.938 Thread 0x000001d4cc196800 Uncommon trap: reason=profile_predicate action=maybe_recompile pc=0x000001d4dc18134c method=kotlin.collections.CollectionsKt__MutableCollectionsKt.addAll(Ljava/util/Collection;Ljava/lang/Iterable;)Z @ 45 c2
Event: 6.946 Thread 0x000001d4cc196800 Uncommon trap: reason=profile_predicate action=maybe_recompile pc=0x000001d4dc18134c method=kotlin.collections.CollectionsKt__MutableCollectionsKt.addAll(Ljava/util/Collection;Ljava/lang/Iterable;)Z @ 45 c2
Event: 7.030 Thread 0x000001d4cc196800 Uncommon trap: reason=class_check action=make_not_entrant pc=0x000001d4dc355ddc method=java.util.ArrayList.toArray([Ljava/lang/Object;)[Ljava/lang/Object; @ 21 c2
Event: 7.313 Thread 0x000001d4cc196800 Uncommon trap: reason=unstable_if action=reinterpret pc=0x000001d4dc131e20 method=kotlin.LazyKt__LazyJVMKt.lazy(Lkotlin/LazyThreadSafetyMode;Lkotlin/jvm/functions/Function0;)Lkotlin/Lazy; @ 21 c2

Classes redefined (0 events):
No events

Internal exceptions (10 events):
Event: 6.847 Thread 0x000001d4cc196800 Exception <a 'java/lang/NoSuchMethodError'{0x000000008bc6aab8}: java.lang.invoke.DirectMethodHandle$Holder.invokeSpecial(Ljava/lang/Object;Ljava/lang/Object;Ljava/lang/Object;Ljava/lang/Object;II)Ljava/lang/Object;> (0x000000008bc6aab8) thrown at [./open/
Event: 6.847 Thread 0x000001d4cc196800 Exception <a 'java/lang/NoSuchMethodError'{0x000000008bc6dbb8}: java.lang.invoke.Invokers$Holder.linkToTargetMethod(Ljava/lang/Object;Ljava/lang/Object;IILjava/lang/Object;)Ljava/lang/Object;> (0x000000008bc6dbb8) thrown at [./open/src/hotspot/share/inter
Event: 6.859 Thread 0x000001d4cc196800 Exception <a 'java/lang/NoSuchMethodError'{0x000000008bcda168}: java.lang.invoke.DirectMethodHandle$Holder.invokeStatic(Ljava/lang/Object;Ljava/lang/Object;Ljava/lang/Object;IILjava/lang/Object;Ljava/lang/Object;)Ljava/lang/Object;> (0x000000008bcda168) t
Event: 6.859 Thread 0x000001d4cc196800 Exception <a 'java/lang/NoSuchMethodError'{0x000000008bcddd78}: java.lang.invoke.DirectMethodHandle$Holder.invokeSpecial(Ljava/lang/Object;Ljava/lang/Object;Ljava/lang/Object;Ljava/lang/Object;IILjava/lang/Object;Ljava/lang/Object;)Ljava/lang/Object;> (0x
Event: 6.859 Thread 0x000001d4cc196800 Exception <a 'java/lang/NoSuchMethodError'{0x000000008bce1180}: java.lang.invoke.Invokers$Holder.linkToTargetMethod(Ljava/lang/Object;Ljava/lang/Object;IILjava/lang/Object;Ljava/lang/Object;Ljava/lang/Object;)Ljava/lang/Object;> (0x000000008bce1180) throw
Event: 6.957 Thread 0x000001d4cc196800 Exception <a 'java/lang/NoSuchMethodError'{0x000000008b7b8c48}: java.lang.invoke.DirectMethodHandle$Holder.invokeStatic(Ljava/lang/Object;Ljava/lang/Object;Ljava/lang/Object;IILjava/lang/Object;Ljava/lang/Object;Ljava/lang/Object;Ljava/lang/Object;)Ljava/
Event: 7.074 Thread 0x000001d4cc196800 Exception <a 'java/lang/NoSuchMethodError'{0x000000008b1133c0}: java.lang.invoke.DirectMethodHandle$Holder.invokeSpecial(Ljava/lang/Object;Ljava/lang/Object;IILjava/lang/Object;Ljava/lang/Object;Ljava/lang/Object;Ljava/lang/Object;Ljava/lang/Object;)Ljava
Event: 7.136 Thread 0x000001d4cc196800 Exception <a 'java/lang/NoSuchMethodError'{0x000000008af45ca0}: java.lang.invoke.DirectMethodHandle$Holder.invokeStatic(Ljava/lang/Object;Ljava/lang/Object;IILjava/lang/Object;Ljava/lang/Object;Ljava/lang/Object;)Ljava/lang/Object;> (0x000000008af45ca0) t
Event: 7.136 Thread 0x000001d4cc196800 Exception <a 'java/lang/NoSuchMethodError'{0x000000008af49af0}: java.lang.invoke.DirectMethodHandle$Holder.invokeSpecial(Ljava/lang/Object;Ljava/lang/Object;Ljava/lang/Object;IILjava/lang/Object;Ljava/lang/Object;Ljava/lang/Object;)Ljava/lang/Object;> (0x
Event: 7.136 Thread 0x000001d4cc196800 Exception <a 'java/lang/NoSuchMethodError'{0x000000008af4d448}: java.lang.invoke.Invokers$Holder.linkToTargetMethod(Ljava/lang/Object;IILjava/lang/Object;Ljava/lang/Object;Ljava/lang/Object;Ljava/lang/Object;)Ljava/lang/Object;> (0x000000008af4d448) throw

Events (10 events):
Event: 7.607 loading class androidx/compose/compiler/plugins/kotlin/lower/DurableKeyTransformer$visitVararg$1
Event: 7.607 loading class androidx/compose/compiler/plugins/kotlin/lower/DurableKeyTransformer$visitVararg$1 done
Event: 7.607 loading class androidx/compose/compiler/plugins/kotlin/lower/DurableKeyTransformer$visitVararg$1$1$1
Event: 7.607 loading class androidx/compose/compiler/plugins/kotlin/lower/DurableKeyTransformer$visitVararg$1$1$1 done
Event: 7.609 loading class androidx/compose/compiler/plugins/kotlin/lower/DurableKeyTransformer$visitLoop$1
Event: 7.609 loading class androidx/compose/compiler/plugins/kotlin/lower/DurableKeyTransformer$visitLoop$1 done
Event: 7.610 loading class androidx/compose/compiler/plugins/kotlin/lower/DurableKeyTransformer$visitLoop$1$1
Event: 7.610 loading class androidx/compose/compiler/plugins/kotlin/lower/DurableKeyTransformer$visitLoop$1$1 done
Event: 7.613 loading class androidx/compose/compiler/plugins/kotlin/lower/ComposerLambdaMemoization
Event: 7.613 loading class androidx/compose/compiler/plugins/kotlin/lower/ComposerLambdaMemoization done


Dynamic libraries:
0x00007ff705e70000 - 0x00007ff705e7f000 	C:\Program Files\Java\jdk-11.0.8\bin\java.exe
0x00007ffeec750000 - 0x00007ffeec948000 	C:\WINDOWS\SYSTEM32\ntdll.dll
0x00007ffeec110000 - 0x00007ffeec1cf000 	C:\WINDOWS\System32\KERNEL32.DLL
0x00007ffeea130000 - 0x00007ffeea40a000 	C:\WINDOWS\System32\KERNELBASE.dll
0x00007ffee9e60000 - 0x00007ffee9f60000 	C:\WINDOWS\System32\ucrtbase.dll
0x00007ffece700000 - 0x00007ffece715000 	C:\Program Files\Java\jdk-11.0.8\bin\VCRUNTIME140.dll
0x00007ffeceae0000 - 0x00007ffeceaf8000 	C:\Program Files\Java\jdk-11.0.8\bin\jli.dll
0x00007ffeeaf70000 - 0x00007ffeeb01e000 	C:\WINDOWS\System32\ADVAPI32.dll
0x00007ffeeb090000 - 0x00007ffeeb12e000 	C:\WINDOWS\System32\msvcrt.dll
0x00007ffeeadc0000 - 0x00007ffeeae5c000 	C:\WINDOWS\System32\sechost.dll
0x00007ffeec300000 - 0x00007ffeec426000 	C:\WINDOWS\System32\RPCRT4.dll
0x00007ffeea7b0000 - 0x00007ffeea94d000 	C:\WINDOWS\System32\USER32.dll
0x00007ffed4b90000 - 0x00007ffed4e2a000 	C:\WINDOWS\WinSxS\amd64_microsoft.windows.common-controls_6595b64144ccf1df_6.0.19041.1110_none_60b5254171f9507e\COMCTL32.dll
0x00007ffeea010000 - 0x00007ffeea032000 	C:\WINDOWS\System32\win32u.dll
0x00007ffeec0d0000 - 0x00007ffeec0fb000 	C:\WINDOWS\System32\GDI32.dll
0x00007ffeea6a0000 - 0x00007ffeea7b0000 	C:\WINDOWS\System32\gdi32full.dll
0x00007ffeea570000 - 0x00007ffeea60d000 	C:\WINDOWS\System32\msvcp_win.dll
0x00007ffee46e0000 - 0x00007ffee46ea000 	C:\WINDOWS\SYSTEM32\VERSION.dll
0x00007ffeeaf40000 - 0x00007ffeeaf70000 	C:\WINDOWS\System32\IMM32.DLL
0x00007ffebfc40000 - 0x00007ffebfcdb000 	C:\Program Files\Java\jdk-11.0.8\bin\msvcp140.dll
0x00007ffeb7480000 - 0x00007ffeb7f66000 	C:\Program Files\Java\jdk-11.0.8\bin\server\jvm.dll
0x00007ffeeb020000 - 0x00007ffeeb028000 	C:\WINDOWS\System32\PSAPI.DLL
0x00007ffedb180000 - 0x00007ffedb189000 	C:\WINDOWS\SYSTEM32\WSOCK32.dll
0x00007ffed6990000 - 0x00007ffed69b7000 	C:\WINDOWS\SYSTEM32\WINMM.dll
0x00007ffeec060000 - 0x00007ffeec0cb000 	C:\WINDOWS\System32\WS2_32.dll
0x00007ffee7d00000 - 0x00007ffee7d12000 	C:\WINDOWS\SYSTEM32\kernel.appcore.dll
0x00007ffedc4e0000 - 0x00007ffedc4f0000 	C:\Program Files\Java\jdk-11.0.8\bin\verify.dll
0x00007ffed7130000 - 0x00007ffed7314000 	C:\WINDOWS\SYSTEM32\DBGHELP.DLL
0x00007ffed6950000 - 0x00007ffed6984000 	C:\WINDOWS\SYSTEM32\dbgcore.DLL
0x00007ffeea610000 - 0x00007ffeea692000 	C:\WINDOWS\System32\bcryptPrimitives.dll
0x00007ffecde00000 - 0x00007ffecde28000 	C:\Program Files\Java\jdk-11.0.8\bin\java.dll
0x00007ffedc4c0000 - 0x00007ffedc4ca000 	C:\Program Files\Java\jdk-11.0.8\bin\jimage.dll
0x00007ffecdde0000 - 0x00007ffecddf6000 	C:\Program Files\Java\jdk-11.0.8\bin\zip.dll
0x00007ffeeb130000 - 0x00007ffeeb874000 	C:\WINDOWS\System32\SHELL32.dll
0x00007ffee7f00000 - 0x00007ffee8693000 	C:\WINDOWS\SYSTEM32\windows.storage.dll
0x00007ffeebca0000 - 0x00007ffeebff4000 	C:\WINDOWS\System32\combase.dll
0x00007ffee97e0000 - 0x00007ffee980e000 	C:\WINDOWS\SYSTEM32\Wldp.dll
0x00007ffeeb9d0000 - 0x00007ffeeba7d000 	C:\WINDOWS\System32\SHCORE.dll
0x00007ffeeba90000 - 0x00007ffeebae5000 	C:\WINDOWS\System32\shlwapi.dll
0x00007ffee9da0000 - 0x00007ffee9dbf000 	C:\WINDOWS\SYSTEM32\profapi.dll
0x00007ffecc6a0000 - 0x00007ffecc6b9000 	C:\Program Files\Java\jdk-11.0.8\bin\net.dll
0x00007ffee3070000 - 0x00007ffee317a000 	C:\WINDOWS\SYSTEM32\WINHTTP.dll
0x00007ffee94f0000 - 0x00007ffee955a000 	C:\WINDOWS\system32\mswsock.dll
0x00007ffecbff0000 - 0x00007ffecc002000 	C:\Program Files\Java\jdk-11.0.8\bin\nio.dll

dbghelp: loaded successfully - version: 4.0.5 - missing functions: none
symbol engine: initialized successfully - sym options: 0x614 - pdb path: .;C:\Program Files\Java\jdk-11.0.8\bin;C:\WINDOWS\SYSTEM32;C:\WINDOWS\WinSxS\amd64_microsoft.windows.common-controls_6595b64144ccf1df_6.0.19041.1110_none_60b5254171f9507e;C:\Program Files\Java\jdk-11.0.8\bin\server

VM Arguments:
java_command: org.jetbrains.kotlin.cli.jvm.K2JVMCompiler @D:\Android Project\tasktodo\app\build\20230504_11915030532621517533.compiler.options
java_class_path (initial): C:\Users\ZIDAN-PC\.gradle\caches\modules-2\files-2.1\org.jetbrains.kotlin\kotlin-compiler-embeddable\1.7.0\4d09852239f61842072b40b524882fa3caaed371\kotlin-compiler-embeddable-1.7.0.jar;C:\Users\ZIDAN-PC\.gradle\caches\modules-2\files-2.1\org.jetbrains.kotlin\kotlin-reflect\1.7.0\e660b0079fdaf744dc9cc7f6f3aa3c761ec839b0\kotlin-reflect-1.7.0.jar;C:\Users\ZIDAN-PC\.gradle\caches\modules-2\files-2.1\org.jetbrains.kotlin\kotlin-stdlib\1.7.0\a5f42c684ad9003160ef0d0f693ecf0ba7b13549\kotlin-stdlib-1.7.0.jar;C:\Users\ZIDAN-PC\.gradle\caches\modules-2\files-2.1\org.jetbrains.kotlin\kotlin-script-runtime\1.7.0\3acea1d447587e61bc3e1b3ed6227d9e9ed4ddf1\kotlin-script-runtime-1.7.0.jar;C:\Users\ZIDAN-PC\.gradle\caches\modules-2\files-2.1\org.jetbrains.kotlin\kotlin-daemon-embeddable\1.7.0\fd56798de80825c673ac93808284c5198ffa2b50\kotlin-daemon-embeddable-1.7.0.jar;C:\Users\ZIDAN-PC\.gradle\caches\modules-2\files-2.1\org.jetbrains.intellij.deps\trove4j\1.0.20200330\3afb14d5f9ceb459d724e907a21145e8ff394f02\trove4j-1.0.20200330.jar;C:\Users\ZIDAN-PC\.gradle\caches\modules-2\files-2.1\net.java.dev.jna\jna\5.6.0\330f2244e9030119ab3030fc3fededc86713d9cc\jna-5.6.0.jar;C:\Users\ZIDAN-PC\.gradle\caches\modules-2\files-2.1\org.jetbrains.kotlin\kotlin-stdlib-common\1.7.0\51736992f422993a1e741051bdf3c12801bc1ca1\kotlin-stdlib-common-1.7.0.jar;C:\Users\ZIDAN-PC\.gradle\caches\modules-2\files-2.1\org.jetbrains\annotations\13.0\919f0dfe192fb4e063e7dacadee7f8bb9a2672a9\annotations-13.0.jar
Launcher Type: SUN_STANDARD

[Global flags]
     intx CICompilerCount                          = 4                                         {product} {ergonomic}
     uint ConcGCThreads                            = 2                                         {product} {ergonomic}
     uint G1ConcRefinementThreads                  = 8                                         {product} {ergonomic}
   size_t G1HeapRegionSize                         = 1048576                                   {product} {ergonomic}
    uintx GCDrainStackTargetSize                   = 64                                        {product} {ergonomic}
   size_t InitialHeapSize                          = 132120576                                 {product} {ergonomic}
   size_t MarkStackSize                            = 4194304                                   {product} {ergonomic}
   size_t MaxHeapSize                              = 2105540608                                {product} {ergonomic}
   size_t MaxNewSize                               = 1262485504                                {product} {ergonomic}
   size_t MinHeapDeltaBytes                        = 1048576                                   {product} {ergonomic}
    uintx NonNMethodCodeHeapSize                   = 5836300                                {pd product} {ergonomic}
    uintx NonProfiledCodeHeapSize                  = 122910970                              {pd product} {ergonomic}
    uintx ProfiledCodeHeapSize                     = 122910970                              {pd product} {ergonomic}
    uintx ReservedCodeCacheSize                    = 251658240                              {pd product} {ergonomic}
     bool SegmentedCodeCache                       = true                                      {product} {ergonomic}
     bool UseCompressedClassPointers               = true                                 {lp64_product} {ergonomic}
     bool UseCompressedOops                        = true                                 {lp64_product} {ergonomic}
     bool UseG1GC                                  = true                                      {product} {ergonomic}
     bool UseLargePagesIndividualAllocation        = false                                  {pd product} {ergonomic}

Logging:
Log output configuration:
 #0: stdout all=warning uptime,level,tags
 #1: stderr all=off uptime,level,tags

Environment Variables:
JAVA_HOME=C:\Program Files\Java\jdk-11.0.8
PATH=C:\Program Files\Common Files\Oracle\Java\javapath;C:\WINDOWS\system32;C:\WINDOWS;C:\WINDOWS\System32\Wbem;C:\WINDOWS\System32\WindowsPowerShell\v1.0\;C:\Program Files\Git\cmd;C:\Program Files\dotnet\;C:\Users\ZIDAN-PC\AppData\Local\Programs\Python\Python38\Scripts\;C:\Users\ZIDAN-PC\AppData\Local\Programs\Python\Python38\;C:\Users\ZIDAN-PC\AppData\Local\Programs\Python\Launcher\;C:\Users\ZIDAN-PC\AppData\Local\Microsoft\WindowsApps;C:\Program Files\heroku\bin;C:\Program Files\JetBrains\IntelliJ IDEA Community Edition 2020.2\bin;;C:\Program Files\flutter\bin;C:\Users\ZIDAN-PC\.dotnet\tools;C:\Users\ZIDAN-PC\AppData\Local\Programs\Microsoft VS Code\bin
USERNAME=ZIDAN-PC
OS=Windows_NT
PROCESSOR_IDENTIFIER=Intel64 Family 6 Model 158 Stepping 13, GenuineIntel



---------------  S Y S T E M  ---------------

OS: Windows 10 , 64 bit Build 19041 (10.0.19041.2788)
HyperV virtualization detected

CPU:total 8 (initial active 8) (8 cores per cpu, 1 threads per core) family 6 model 158 stepping 13, cmov, cx8, fxsr, mmx, sse, sse2, sse3, ssse3, sse4.1, sse4.2, popcnt, avx, avx2, aes, clmul, erms, 3dnowpref, lzcnt, tsc, tscinvbit, bmi1, bmi2, adx, fma

Memory: 4k page, system-wide physical 8028M (332M free)
TotalPageFile size 32604M (AvailPageFile size 6M)
current process WorkingSet (physical memory assigned to process): 352M, peak: 352M
current process commit charge ("private bytes"): 409M, peak: 410M

vm_info: Java HotSpot(TM) 64-Bit Server VM (11.0.8+10-LTS) for windows-amd64 JRE (11.0.8+10-LTS), built on Jun 16 2020 05:53:08 by "mach5one" with unknown MS VC++:1916

END.
